This is pdfTeX, Version 3.141592653-2.6-1.40.25 (TeX Live 2023/Debian) (preloaded format=pdflatex 2025.7.10)  14 AUG 2025 13:40
entering extended mode
 restricted \write18 enabled.
 %&-line parsing enabled.
**main.tex
(./main.tex
LaTeX2e <2023-11-01> patch level 1
L3 programming layer <2024-01-22>
(/usr/share/texlive/texmf-dist/tex/latex/base/report.cls
Document Class: report 2023/05/17 v1.4n Standard LaTeX document class
(/usr/share/texlive/texmf-dist/tex/latex/base/size12.clo
File: size12.clo 2023/05/17 v1.4n Standard LaTeX file (size option)
)
\c@part=\count187
\c@chapter=\count188
\c@section=\count189
\c@subsection=\count190
\c@subsubsection=\count191
\c@paragraph=\count192
\c@subparagraph=\count193
\c@figure=\count194
\c@table=\count195
\abovecaptionskip=\skip48
\belowcaptionskip=\skip49
\bibindent=\dimen140
)
(/usr/share/texlive/texmf-dist/tex/latex/base/inputenc.sty
Package: inputenc 2021/02/14 v1.3d Input encoding file
\inpenc@prehook=\toks17
\inpenc@posthook=\toks18
)
(/usr/share/texlive/texmf-dist/tex/latex/graphics/graphicx.sty
Package: graphicx 2021/09/16 v1.2d Enhanced LaTeX Graphics (DPC,SPQR)

(/usr/share/texlive/texmf-dist/tex/latex/graphics/keyval.sty
Package: keyval 2022/05/29 v1.15 key=value parser (DPC)
\KV@toks@=\toks19
)
(/usr/share/texlive/texmf-dist/tex/latex/graphics/graphics.sty
Package: graphics 2022/03/10 v1.4e Standard LaTeX Graphics (DPC,SPQR)

(/usr/share/texlive/texmf-dist/tex/latex/graphics/trig.sty
Package: trig 2021/08/11 v1.11 sin cos tan (DPC)
)
(/usr/share/texlive/texmf-dist/tex/latex/graphics-cfg/graphics.cfg
File: graphics.cfg 2016/06/04 v1.11 sample graphics configuration
)
Package graphics Info: Driver file: pdftex.def on input line 107.

(/usr/share/texlive/texmf-dist/tex/latex/graphics-def/pdftex.def
File: pdftex.def 2022/09/22 v1.2b Graphics/color driver for pdftex
))
\Gin@req@height=\dimen141
\Gin@req@width=\dimen142
)
(/usr/share/texlive/texmf-dist/tex/latex/hyperref/hyperref.sty
Package: hyperref 2024-01-20 v7.01h Hypertext links for LaTeX

(/usr/share/texlive/texmf-dist/tex/generic/iftex/iftex.sty
Package: iftex 2022/02/03 v1.0f TeX engine tests
)
(/usr/share/texlive/texmf-dist/tex/latex/kvsetkeys/kvsetkeys.sty
Package: kvsetkeys 2022-10-05 v1.19 Key value parser (HO)
)
(/usr/share/texlive/texmf-dist/tex/generic/kvdefinekeys/kvdefinekeys.sty
Package: kvdefinekeys 2019-12-19 v1.6 Define keys (HO)
)
(/usr/share/texlive/texmf-dist/tex/generic/pdfescape/pdfescape.sty
Package: pdfescape 2019/12/09 v1.15 Implements pdfTeX's escape features (HO)

(/usr/share/texlive/texmf-dist/tex/generic/ltxcmds/ltxcmds.sty
Package: ltxcmds 2023-12-04 v1.26 LaTeX kernel commands for general use (HO)
)
(/usr/share/texlive/texmf-dist/tex/generic/pdftexcmds/pdftexcmds.sty
Package: pdftexcmds 2020-06-27 v0.33 Utility functions of pdfTeX for LuaTeX (HO
)

(/usr/share/texlive/texmf-dist/tex/generic/infwarerr/infwarerr.sty
Package: infwarerr 2019/12/03 v1.5 Providing info/warning/error messages (HO)
)
Package pdftexcmds Info: \pdf@primitive is available.
Package pdftexcmds Info: \pdf@ifprimitive is available.
Package pdftexcmds Info: \pdfdraftmode found.
))
(/usr/share/texlive/texmf-dist/tex/latex/hycolor/hycolor.sty
Package: hycolor 2020-01-27 v1.10 Color options for hyperref/bookmark (HO)
)
(/usr/share/texlive/texmf-dist/tex/latex/auxhook/auxhook.sty
Package: auxhook 2019-12-17 v1.6 Hooks for auxiliary files (HO)
)
(/usr/share/texlive/texmf-dist/tex/latex/hyperref/nameref.sty
Package: nameref 2023-11-26 v2.56 Cross-referencing by name of section

(/usr/share/texlive/texmf-dist/tex/latex/refcount/refcount.sty
Package: refcount 2019/12/15 v3.6 Data extraction from label references (HO)
)
(/usr/share/texlive/texmf-dist/tex/generic/gettitlestring/gettitlestring.sty
Package: gettitlestring 2019/12/15 v1.6 Cleanup title references (HO)

(/usr/share/texlive/texmf-dist/tex/latex/kvoptions/kvoptions.sty
Package: kvoptions 2022-06-15 v3.15 Key value format for package options (HO)
))
\c@section@level=\count196
)
(/usr/share/texlive/texmf-dist/tex/latex/etoolbox/etoolbox.sty
Package: etoolbox 2020/10/05 v2.5k e-TeX tools for LaTeX (JAW)
\etb@tempcnta=\count197
)
\@linkdim=\dimen143
\Hy@linkcounter=\count198
\Hy@pagecounter=\count199

(/usr/share/texlive/texmf-dist/tex/latex/hyperref/pd1enc.def
File: pd1enc.def 2024-01-20 v7.01h Hyperref: PDFDocEncoding definition (HO)
Now handling font encoding PD1 ...
... no UTF-8 mapping file for font encoding PD1
)
(/usr/share/texlive/texmf-dist/tex/generic/intcalc/intcalc.sty
Package: intcalc 2019/12/15 v1.3 Expandable calculations with integers (HO)
)
\Hy@SavedSpaceFactor=\count266

(/usr/share/texlive/texmf-dist/tex/latex/hyperref/puenc.def
File: puenc.def 2024-01-20 v7.01h Hyperref: PDF Unicode definition (HO)
Now handling font encoding PU ...
... no UTF-8 mapping file for font encoding PU
)
Package hyperref Info: Hyper figures OFF on input line 4179.
Package hyperref Info: Link nesting OFF on input line 4184.
Package hyperref Info: Hyper index ON on input line 4187.
Package hyperref Info: Plain pages OFF on input line 4194.
Package hyperref Info: Backreferencing OFF on input line 4199.
Package hyperref Info: Implicit mode ON; LaTeX internals redefined.
Package hyperref Info: Bookmarks ON on input line 4446.
\c@Hy@tempcnt=\count267

(/usr/share/texlive/texmf-dist/tex/latex/url/url.sty
\Urlmuskip=\muskip16
Package: url 2013/09/16  ver 3.4  Verb mode for urls, etc.
)
LaTeX Info: Redefining \url on input line 4784.
\XeTeXLinkMargin=\dimen144

(/usr/share/texlive/texmf-dist/tex/generic/bitset/bitset.sty
Package: bitset 2019/12/09 v1.3 Handle bit-vector datatype (HO)

(/usr/share/texlive/texmf-dist/tex/generic/bigintcalc/bigintcalc.sty
Package: bigintcalc 2019/12/15 v1.5 Expandable calculations on big integers (HO
)
))
\Fld@menulength=\count268
\Field@Width=\dimen145
\Fld@charsize=\dimen146
Package hyperref Info: Hyper figures OFF on input line 6063.
Package hyperref Info: Link nesting OFF on input line 6068.
Package hyperref Info: Hyper index ON on input line 6071.
Package hyperref Info: backreferencing OFF on input line 6078.
Package hyperref Info: Link coloring OFF on input line 6083.
Package hyperref Info: Link coloring with OCG OFF on input line 6088.
Package hyperref Info: PDF/A mode OFF on input line 6093.

(/usr/share/texlive/texmf-dist/tex/latex/base/atbegshi-ltx.sty
Package: atbegshi-ltx 2021/01/10 v1.0c Emulation of the original atbegshi
package with kernel methods
)
\Hy@abspage=\count269
\c@Item=\count270
\c@Hfootnote=\count271
)
Package hyperref Info: Driver (autodetected): hpdftex.

(/usr/share/texlive/texmf-dist/tex/latex/hyperref/hpdftex.def
File: hpdftex.def 2024-01-20 v7.01h Hyperref driver for pdfTeX

(/usr/share/texlive/texmf-dist/tex/latex/base/atveryend-ltx.sty
Package: atveryend-ltx 2020/08/19 v1.0a Emulation of the original atveryend pac
kage
with kernel methods
)
\Fld@listcount=\count272
\c@bookmark@seq@number=\count273

(/usr/share/texlive/texmf-dist/tex/latex/rerunfilecheck/rerunfilecheck.sty
Package: rerunfilecheck 2022-07-10 v1.10 Rerun checks for auxiliary files (HO)

(/usr/share/texlive/texmf-dist/tex/generic/uniquecounter/uniquecounter.sty
Package: uniquecounter 2019/12/15 v1.4 Provide unlimited unique counter (HO)
)
Package uniquecounter Info: New unique counter `rerunfilecheck' on input line 2
85.
)
\Hy@SectionHShift=\skip50
)
(/usr/share/texlive/texmf-dist/tex/latex/setspace/setspace.sty
Package: setspace 2022/12/04 v6.7b set line spacing
)
(/usr/share/texlive/texmf-dist/tex/latex/geometry/geometry.sty
Package: geometry 2020/01/02 v5.9 Page Geometry

(/usr/share/texlive/texmf-dist/tex/generic/iftex/ifvtex.sty
Package: ifvtex 2019/10/25 v1.7 ifvtex legacy package. Use iftex instead.
)
\Gm@cnth=\count274
\Gm@cntv=\count275
\c@Gm@tempcnt=\count276
\Gm@bindingoffset=\dimen147
\Gm@wd@mp=\dimen148
\Gm@odd@mp=\dimen149
\Gm@even@mp=\dimen150
\Gm@layoutwidth=\dimen151
\Gm@layoutheight=\dimen152
\Gm@layouthoffset=\dimen153
\Gm@layoutvoffset=\dimen154
\Gm@dimlist=\toks20
)
(/usr/share/texlive/texmf-dist/tex/latex/l3backend/l3backend-pdftex.def
File: l3backend-pdftex.def 2024-01-04 L3 backend support: PDF output (pdfTeX)
\l__color_backend_stack_int=\count277
\l__pdf_internal_box=\box51
)
(./main.aux (./sections/titlepage.aux) (./sections/abstract.aux)
(./sections/chs/Introduction.aux) (./sections/chs/Literature Survey.aux)
(./sections/chs/Jsonpath Grammar Syntax Examples.aux)
(./sections/chs/Methodology.aux) (./sections/chs/Results and Discussion.aux)
(./sections/chs/Applications of JSONPath in Data Analytics and NLPsss.aux)
(./sections/chs/Conclusion.aux))
\openout1 = `main.aux'.

LaTeX Font Info:    Checking defaults for OML/cmm/m/it on input line 18.
LaTeX Font Info:    ... okay on input line 18.
LaTeX Font Info:    Checking defaults for OMS/cmsy/m/n on input line 18.
LaTeX Font Info:    ... okay on input line 18.
LaTeX Font Info:    Checking defaults for OT1/cmr/m/n on input line 18.
LaTeX Font Info:    ... okay on input line 18.
LaTeX Font Info:    Checking defaults for T1/cmr/m/n on input line 18.
LaTeX Font Info:    ... okay on input line 18.
LaTeX Font Info:    Checking defaults for TS1/cmr/m/n on input line 18.
LaTeX Font Info:    ... okay on input line 18.
LaTeX Font Info:    Checking defaults for OMX/cmex/m/n on input line 18.
LaTeX Font Info:    ... okay on input line 18.
LaTeX Font Info:    Checking defaults for U/cmr/m/n on input line 18.
LaTeX Font Info:    ... okay on input line 18.
LaTeX Font Info:    Checking defaults for PD1/pdf/m/n on input line 18.
LaTeX Font Info:    ... okay on input line 18.
LaTeX Font Info:    Checking defaults for PU/pdf/m/n on input line 18.
LaTeX Font Info:    ... okay on input line 18.

(/usr/share/texlive/texmf-dist/tex/context/base/mkii/supp-pdf.mkii
[Loading MPS to PDF converter (version 2006.09.02).]
\scratchcounter=\count278
\scratchdimen=\dimen155
\scratchbox=\box52
\nofMPsegments=\count279
\nofMParguments=\count280
\everyMPshowfont=\toks21
\MPscratchCnt=\count281
\MPscratchDim=\dimen156
\MPnumerator=\count282
\makeMPintoPDFobject=\count283
\everyMPtoPDFconversion=\toks22
) (/usr/share/texlive/texmf-dist/tex/latex/epstopdf-pkg/epstopdf-base.sty
Package: epstopdf-base 2020-01-24 v2.11 Base part for package epstopdf
Package epstopdf-base Info: Redefining graphics rule for `.eps' on input line 4
85.

(/usr/share/texlive/texmf-dist/tex/latex/latexconfig/epstopdf-sys.cfg
File: epstopdf-sys.cfg 2010/07/13 v1.3 Configuration of (r)epstopdf for TeX Liv
e
))
Package hyperref Info: Link coloring OFF on input line 18.

(./main.out) (./main.out)
\@outlinefile=\write3
\openout3 = `main.out'.


*geometry* driver: auto-detecting
*geometry* detected driver: pdftex
*geometry* verbose mode - [ preamble ] result:
* driver: pdftex
* paper: a4paper
* layout: <same size as paper>
* layoutoffset:(h,v)=(0.0pt,0.0pt)
* modes: 
* h-part:(L,W,R)=(85.35826pt, 441.01773pt, 71.13188pt)
* v-part:(T,H,B)=(85.35826pt, 674.33032pt, 85.35826pt)
* \paperwidth=597.50787pt
* \paperheight=845.04684pt
* \textwidth=441.01773pt
* \textheight=674.33032pt
* \oddsidemargin=13.08827pt
* \evensidemargin=13.08827pt
* \topmargin=-23.91173pt
* \headheight=12.0pt
* \headsep=25.0pt
* \topskip=12.0pt
* \footskip=30.0pt
* \marginparwidth=35.0pt
* \marginparsep=10.0pt
* \columnsep=10.0pt
* \skip\footins=10.8pt plus 4.0pt minus 2.0pt
* \hoffset=0.0pt
* \voffset=0.0pt
* \mag=1000
* \@twocolumnfalse
* \@twosidefalse
* \@mparswitchfalse
* \@reversemarginfalse
* (1in=72.27pt=25.4mm, 1cm=28.453pt)

\openout2 = `sections/titlepage.aux'.

(./sections/titlepage.tex [1


{/var/lib/texmf/fonts/map/pdftex/updmap/pdftex.map}])
\openout2 = `sections/abstract.aux'.

 (./sections/abstract.tex)
pdfTeX warning (ext4): destination with the same identifier (name{page.1}) has 
been already used, duplicate ignored
<to be read again> 
                   \relax 
l.20 	\include{sections/abstract}
                                  [1




] (./main.toc
LaTeX Font Info:    External font `cmex10' loaded for size
(Font)              <12> on input line 3.
LaTeX Font Info:    External font `cmex10' loaded for size
(Font)              <8> on input line 3.
LaTeX Font Info:    External font `cmex10' loaded for size
(Font)              <6> on input line 3.
 [2



])
\tf@toc=\write4
\openout4 = `main.toc'.

 [3]
\openout2 = `sections/chs/Introduction.aux'.


(./sections/chs/Introduction.tex
Chapter 1.
[4


]) [5]
\openout2 = `"sections/chs/Literature Survey.aux"'.

 (./sections/chs/Literature Survey.tex
Chapter 2.

Overfull \hbox (32.68758pt too wide) in paragraph at lines 16--17
[]\OT1/cmr/bx/n/12 Built-in parsers\OT1/cmr/m/n/12 : Many lan-guages in-clude n
a-tive JSON pars-ing, such as \OT1/cmtt/m/n/12 JSON.parse()
 []

[6




] [7]) [8] [9]
\openout2 = `"sections/chs/Jsonpath Grammar Syntax Examples.aux"'.

 (./sections/chs/Jsonpath Grammar Syntax Examples.tex
Chapter 3.
LaTeX Font Info:    Trying to load font information for OMS+cmr on input line 1
2.
(/usr/share/texlive/texmf-dist/tex/latex/base/omscmr.fd
File: omscmr.fd 2023/04/13 v2.5m Standard LaTeX font definitions
)
LaTeX Font Info:    Font shape `OMS/cmr/m/n' in size <12> not available
(Font)              Font shape `OMS/cmsy/m/n' tried instead on input line 12.
LaTeX Font Info:    Trying to load font information for TS1+cmtt on input line 
28.

(/usr/share/texlive/texmf-dist/tex/latex/base/ts1cmtt.fd
File: ts1cmtt.fd 2023/04/13 v2.5m Standard LaTeX font definitions
) [10




] [11] [12])
[13]
\openout2 = `sections/chs/Methodology.aux'.

 (./sections/chs/Methodology.tex
Chapter 4.
[14




] [15]
<images/op_graph.png, id=297, 812.03375pt x 310.15875pt>
File: images/op_graph.png Graphic file (type png)
<use images/op_graph.png>
Package pdftex.def Info: images/op_graph.png  used on input line 49.
(pdftex.def)             Requested size: 308.71106pt x 117.90887pt.
<images/yottadb_output.png, id=300, 605.26125pt x 294.09875pt>
File: images/yottadb_output.png Graphic file (type png)
<use images/yottadb_output.png>
Package pdftex.def Info: images/yottadb_output.png  used on input line 64.
(pdftex.def)             Requested size: 308.71106pt x 150.00183pt.
 [16 <./images/op_graph.png>] [17 <./images/yottadb_output.png>])
[18]
\openout2 = `"sections/chs/Results and Discussion.aux"'.

 (./sections/chs/Results and Discussion.tex
Chapter 5.

Overfull \hbox (0.54187pt too wide) in paragraph at lines 13--14
[]\OT1/cmr/m/n/12 Filters with log-i-cal and com-par-i-son op-er-a-tors (e.g., 
\OT1/cmtt/m/n/12 [?(@.age > 25 && @.status
 []

[19




] [20]) [21]
\openout2 = `"sections/chs/Applications of JSONPath in Data Analytics and NLPss
s.aux"'.


(./sections/chs/Applications of JSONPath in Data Analytics and NLPsss.tex
Chapter 6.
[22




]) [23]
\openout2 = `sections/chs/Conclusion.aux'.

 (./sections/chs/Conclusion.tex
Chapter 7.
) [24




]
Underfull \hbox (badness 10000) in paragraph at lines 38--39
\OT1/cmtt/m/n/12 blob / 0af302af40669d9bc6de7a202e4723fee39d9376 / src / backen
d / utils /
 []


Underfull \hbox (badness 5217) in paragraph at lines 41--42
[]\OT1/cmr/m/n/12 Bruno Sci-essere, JSON-Path for Node.js, []$\OT1/cmtt/m/n/12 
https : / / github . com / brunerd /
 []


Underfull \hbox (badness 10000) in paragraph at lines 44--45
[]\OT1/cmr/m/n/12 Daniel A. Parker, Json-Cons.Net JSON-Path Spec-i-fi-ca-tion, 
[]$\OT1/cmtt/m/n/12 https :
 []


Underfull \hbox (badness 10000) in paragraph at lines 44--45
\OT1/cmtt/m/n/12 / / danielaparker . github . io / JsonCons . Net / articles / 
JsonPath /
 []


Underfull \hbox (badness 1147) in paragraph at lines 53--54
[]\OT1/cmr/m/n/12 Microsoft Azure Data Ex-plorer JSON-Path Doc-u-men-ta-tion, [
]$\OT1/cmtt/m/n/12 https : / / docs .
 []


Underfull \hbox (badness 10000) in paragraph at lines 56--57
[]\OT1/cmr/m/n/12 ToolsQA JSON-Path Tu-to-rial, []$\OT1/cmtt/m/n/12 https : / /
 www . toolsqa . com / rest-[]assured /
 []


Underfull \hbox (badness 3271) in paragraph at lines 65--66
[]\OT1/cmr/m/n/12 Steven Alexan-der, ANTLR4 JSON-Path Gram-mar, []$\OT1/cmtt/m/
n/12 https : / / github . com /
 []


Underfull \hbox (badness 10000) in paragraph at lines 68--69
[]\OT1/cmr/m/n/12 IETF JSON-Path Base Draft-05, []$\OT1/cmtt/m/n/12 https : / /
 www . ietf . org / archive / id /
 []

[25



]
Underfull \hbox (badness 4096) in paragraph at lines 77--78
[]\OT1/cmr/m/n/12 RESTful API Tu-to-rial, ``JSON and JSON-Path,'' Avail-able: [
]$\OT1/cmtt/m/n/12 https : / /
 []

[26] (./main.aux (./sections/titlepage.aux) (./sections/abstract.aux)
(./sections/chs/Introduction.aux) (./sections/chs/Literature Survey.aux)
(./sections/chs/Jsonpath Grammar Syntax Examples.aux)
(./sections/chs/Methodology.aux) (./sections/chs/Results and Discussion.aux)
(./sections/chs/Applications of JSONPath in Data Analytics and NLPsss.aux)
(./sections/chs/Conclusion.aux))
 ***********
LaTeX2e <2023-11-01> patch level 1
L3 programming layer <2024-01-22>
 ***********
Package rerunfilecheck Info: File `main.out' has not changed.
(rerunfilecheck)             Checksum: 13E79EC41EC55032BDD0D42DB26E46EE;5679.
 ) 
Here is how much of TeX's memory you used:
 9330 strings out of 476080
 151945 string characters out of 5792744
 1932975 words of memory out of 5000000
 31110 multiletter control sequences out of 15000+600000
 564073 words of font info for 56 fonts, out of 8000000 for 9000
 59 hyphenation exceptions out of 8191
 75i,9n,79p,603b,583s stack positions out of 10000i,1000n,20000p,200000b,200000s
 </home/jenil/.texlive2023/texmf-var/fonts/pk/ljfour/jknappen/ec/tcbx1200.600
pk> </home/jenil/.texlive2023/texmf-var/fonts/pk/ljfour/jknappen/ec/tctt1200.60
0pk> </home/jenil/.texlive2023/texmf-var/fonts/pk/ljfour/jknappen/ec/tcrm1200.6
00pk></usr/share/texlive/texmf-dist/fonts/type1/public/amsfonts/cm/cmbx12.pfb><
/usr/share/texlive/texmf-dist/fonts/type1/public/amsfonts/cm/cmmi12.pfb></usr/s
hare/texlive/texmf-dist/fonts/type1/public/amsfonts/cm/cmr12.pfb></usr/share/te
xlive/texmf-dist/fonts/type1/public/amsfonts/cm/cmr17.pfb></usr/share/texlive/t
exmf-dist/fonts/type1/public/amsfonts/cm/cmsy10.pfb></usr/share/texlive/texmf-d
ist/fonts/type1/public/amsfonts/cm/cmtt12.pfb>
Output written on main.pdf (27 pages, 156091 bytes).
PDF statistics:
 452 PDF objects out of 1000 (max. 8388607)
 399 compressed objects within 4 object streams
 84 named destinations out of 1000 (max. 500000)
 283 words of extra memory for PDF output out of 10000 (max. 10000000)

